# JRE version: Java(TM) SE Runtime Environment (8.0_25-b17) (build 1.8.0_25-b17)
# Java VM: Java HotSpot(TM) 64-Bit Server VM (25.25-b02 mixed mode linux-amd64 compressed oops)
Heap:
 PSYoungGen      total 611840K, used 3263K [0x0000000580100000, 0x00000005aab80000, 0x0000000800000000)
  eden space 524800K, 0% used [0x0000000580100000,0x0000000580100000,0x00000005a0180000)
  from space 87040K, 3% used [0x00000005a0180000,0x00000005a04affd0,0x00000005a5680000)
  to   space 87040K, 0% used [0x00000005a5680000,0x00000005a5680000,0x00000005aab80000)
 ParOldGen       total 1398272K, used 479K [0x0000000080200000, 0x00000000d5780000, 0x0000000580100000)
  object space 1398272K, 0% used [0x0000000080200000,0x0000000080277e20,0x00000000d5780000)
 Metaspace       used 3894K, capacity 4792K, committed 5120K, reserved 1056768K
  class space    used 393K, capacity 424K, committed 512K, reserved 1048576K
GC Heap History (7 events):
Event: 0.341 GC heap before
{Heap before GC invocations=1 (full 0):
 PSYoungGen      total 611840K, used 31488K [0x0000000580100000, 0x00000005aab80000, 0x0000000800000000)
  eden space 524800K, 6% used [0x0000000580100000,0x0000000581fc00d0,0x00000005a0180000)
  from space 87040K, 0% used [0x00000005a5680000,0x00000005a5680000,0x00000005aab80000)
  to   space 87040K, 0% used [0x00000005a0180000,0x00000005a0180000,0x00000005a5680000)
 ParOldGen       total 1398272K, used 0K [0x0000000080200000, 0x00000000d5780000, 0x0000000580100000)
  object space 1398272K, 0% used [0x0000000080200000,0x0000000080200000,0x00000000d5780000)
 Metaspace       used 2837K, capacity 4500K, committed 4864K, reserved 1056768K
  class space    used 308K, capacity 388K, committed 512K, reserved 1048576K
Event: 0.360 GC heap after
Heap after GC invocations=1 (full 0):
 PSYoungGen      total 611840K, used 528K [0x0000000580100000, 0x00000005aab80000, 0x0000000800000000)
  eden space 524800K, 0% used [0x0000000580100000,0x0000000580100000,0x00000005a0180000)
  from space 87040K, 0% used [0x00000005a0180000,0x00000005a0204010,0x00000005a5680000)
  to   space 87040K, 0% used [0x00000005a5680000,0x00000005a5680000,0x00000005aab80000)
 ParOldGen       total 1398272K, used 8K [0x0000000080200000, 0x00000000d5780000, 0x0000000580100000)
  object space 1398272K, 0% used [0x0000000080200000,0x0000000080202000,0x00000000d5780000)
 Metaspace       used 2837K, capacity 4500K, committed 4864K, reserved 1056768K
  class space    used 308K, capacity 388K, committed 512K, reserved 1048576K
}
Event: 0.360 GC heap before
{Heap before GC invocations=2 (full 1):
 PSYoungGen      total 611840K, used 528K [0x0000000580100000, 0x00000005aab80000, 0x0000000800000000)
  eden space 524800K, 0% used [0x0000000580100000,0x0000000580100000,0x00000005a0180000)
  from space 87040K, 0% used [0x00000005a0180000,0x00000005a0204010,0x00000005a5680000)
  to   space 87040K, 0% used [0x00000005a5680000,0x00000005a5680000,0x00000005aab80000)
 ParOldGen       total 1398272K, used 8K [0x0000000080200000, 0x00000000d5780000, 0x0000000580100000)
  object space 1398272K, 0% used [0x0000000080200000,0x0000000080202000,0x00000000d5780000)
 Metaspace       used 2837K, capacity 4500K, committed 4864K, reserved 1056768K
  class space    used 308K, capacity 388K, committed 512K, reserved 1048576K
Event: 0.425 GC heap after
Heap after GC invocations=2 (full 1):
 PSYoungGen      total 611840K, used 0K [0x0000000580100000, 0x00000005aab80000, 0x0000000800000000)
  eden space 524800K, 0% used [0x0000000580100000,0x0000000580100000,0x00000005a0180000)
  from space 87040K, 0% used [0x00000005a0180000,0x00000005a0180000,0x00000005a5680000)
  to   space 87040K, 0% used [0x00000005a5680000,0x00000005a5680000,0x00000005aab80000)
 ParOldGen       total 1398272K, used 471K [0x0000000080200000, 0x00000000d5780000, 0x0000000580100000)
  object space 1398272K, 0% used [0x0000000080200000,0x0000000080275e20,0x00000000d5780000)
 Metaspace       used 2837K, capacity 4500K, committed 4864K, reserved 1056768K
  class space    used 308K, capacity 388K, committed 512K, reserved 1048576K
}
Event: 4.660 GC heap before
{Heap before GC invocations=3 (full 1):
 PSYoungGen      total 611840K, used 524800K [0x0000000580100000, 0x00000005aab80000, 0x0000000800000000)
  eden space 524800K, 100% used [0x0000000580100000,0x00000005a0180000,0x00000005a0180000)
  from space 87040K, 0% used [0x00000005a0180000,0x00000005a0180000,0x00000005a5680000)
  to   space 87040K, 0% used [0x00000005a5680000,0x00000005a5680000,0x00000005aab80000)
 ParOldGen       total 1398272K, used 471K [0x0000000080200000, 0x00000000d5780000, 0x0000000580100000)
  object space 1398272K, 0% used [0x0000000080200000,0x0000000080275e20,0x00000000d5780000)
 Metaspace       used 3894K, capacity 4792K, committed 5120K, reserved 1056768K
  class space    used 393K, capacity 424K, committed 512K, reserved 1048576K
Event: 4.701 GC heap after
Heap after GC invocations=3 (full 1):
 PSYoungGen      total 611840K, used 3447K [0x0000000580100000, 0x00000005aab80000, 0x0000000800000000)
  eden space 524800K, 0% used [0x0000000580100000,0x0000000580100000,0x00000005a0180000)
  from space 87040K, 3% used [0x00000005a5680000,0x00000005a59ddf70,0x00000005aab80000)
  to   space 87040K, 0% used [0x00000005a0180000,0x00000005a0180000,0x00000005a5680000)
 ParOldGen       total 1398272K, used 479K [0x0000000080200000, 0x00000000d5780000, 0x0000000580100000)
  object space 1398272K, 0% used [0x0000000080200000,0x0000000080277e20,0x00000000d5780000)
 Metaspace       used 3894K, capacity 4792K, committed 5120K, reserved 1056768K
  class space    used 393K, capacity 424K, committed 512K, reserved 1048576K
}
Event: 7.027 GC heap before
{Heap before GC invocations=4 (full 1):
 PSYoungGen      total 611840K, used 528247K [0x0000000580100000, 0x00000005aab80000, 0x0000000800000000)
  eden space 524800K, 100% used [0x0000000580100000,0x00000005a0180000,0x00000005a0180000)
  from space 87040K, 3% used [0x00000005a5680000,0x00000005a59ddf70,0x00000005aab80000)
  to   space 87040K, 0% used [0x00000005a0180000,0x00000005a0180000,0x00000005a5680000)
 ParOldGen       total 1398272K, used 479K [0x0000000080200000, 0x00000000d5780000, 0x0000000580100000)
  object space 1398272K, 0% used [0x0000000080200000,0x0000000080277e20,0x00000000d5780000)
 Metaspace       used 3894K, capacity 4792K, committed 5120K, reserved 1056768K
  class space    used 393K, capacity 424K, committed 512K, reserved 1048576K

