# JRE version: OpenJDK Runtime Environment (8.0_181-b13) (build 1.8.0_181-8u181-b13-1ubuntu0.16.04.1-b13)
# Java VM: OpenJDK 64-Bit Server VM (25.181-b13 mixed mode linux-amd64 compressed oops)
Heap:
 PSYoungGen      total 875520K, used 73381K [0x000000076d100000, 0x00000007a9c00000, 0x00000007c0000000)
  eden space 777728K, 0% used [0x000000076d100000,0x000000076d100000,0x000000079c880000)
  from space 97792K, 75% used [0x000000079c880000,0x00000007a1029680,0x00000007a2800000)
  to   space 76800K, 0% used [0x00000007a2800000,0x00000007a2800000,0x00000007a7300000)
 ParOldGen       total 191488K, used 191093K [0x00000006c7200000, 0x00000006d2d00000, 0x000000076d100000)
  object space 191488K, 99% used [0x00000006c7200000,0x00000006d2c9d400,0x00000006d2d00000)
 Metaspace       used 3062K, capacity 4564K, committed 4864K, reserved 1056768K
  class space    used 301K, capacity 388K, committed 512K, reserved 1048576K
GC Heap History (10 events):
Event: 1.980 GC heap after
Heap after GC invocations=6 (full 0):
 PSYoungGen      total 281600K, used 22465K [0x000000076d100000, 0x0000000780500000, 0x00000007c0000000)
  eden space 255488K, 0% used [0x000000076d100000,0x000000076d100000,0x000000077ca80000)
  from space 26112K, 86% used [0x000000077e680000,0x000000077fc706f0,0x0000000780000000)
  to   space 28672K, 0% used [0x000000077ca80000,0x000000077ca80000,0x000000077e680000)
 ParOldGen       total 171008K, used 26698K [0x00000006c7200000, 0x00000006d1900000, 0x000000076d100000)
  object space 171008K, 15% used [0x00000006c7200000,0x00000006c8c128e0,0x00000006d1900000)
 Metaspace       used 3060K, capacity 4564K, committed 4864K, reserved 1056768K
  class space    used 301K, capacity 388K, committed 512K, reserved 1048576K
}
Event: 2.188 GC heap before
{Heap before GC invocations=7 (full 0):
 PSYoungGen      total 281600K, used 277953K [0x000000076d100000, 0x0000000780500000, 0x00000007c0000000)
  eden space 255488K, 100% used [0x000000076d100000,0x000000077ca80000,0x000000077ca80000)
  from space 26112K, 86% used [0x000000077e680000,0x000000077fc706f0,0x0000000780000000)
  to   space 28672K, 0% used [0x000000077ca80000,0x000000077ca80000,0x000000077e680000)
 ParOldGen       total 171008K, used 26698K [0x00000006c7200000, 0x00000006d1900000, 0x000000076d100000)
  object space 171008K, 15% used [0x00000006c7200000,0x00000006c8c128e0,0x00000006d1900000)
 Metaspace       used 3062K, capacity 4564K, committed 4864K, reserved 1056768K
  class space    used 301K, capacity 388K, committed 512K, reserved 1048576K
Event: 2.223 GC heap after
Heap after GC invocations=7 (full 0):
 PSYoungGen      total 284160K, used 28657K [0x000000076d100000, 0x0000000791600000, 0x00000007c0000000)
  eden space 255488K, 0% used [0x000000076d100000,0x000000076d100000,0x000000077ca80000)
  from space 28672K, 99% used [0x000000077ca80000,0x000000077e67c770,0x000000077e680000)
  to   space 41984K, 0% used [0x000000078ed00000,0x000000078ed00000,0x0000000791600000)
 ParOldGen       total 171008K, used 44392K [0x00000006c7200000, 0x00000006d1900000, 0x000000076d100000)
  object space 171008K, 25% used [0x00000006c7200000,0x00000006c9d5a0a0,0x00000006d1900000)
 Metaspace       used 3062K, capacity 4564K, committed 4864K, reserved 1056768K
  class space    used 301K, capacity 388K, committed 512K, reserved 1048576K
}
Event: 2.397 GC heap before
{Heap before GC invocations=8 (full 0):
 PSYoungGen      total 284160K, used 284145K [0x000000076d100000, 0x0000000791600000, 0x00000007c0000000)
  eden space 255488K, 100% used [0x000000076d100000,0x000000077ca80000,0x000000077ca80000)
  from space 28672K, 99% used [0x000000077ca80000,0x000000077e67c770,0x000000077e680000)
  to   space 41984K, 0% used [0x000000078ed00000,0x000000078ed00000,0x0000000791600000)
 ParOldGen       total 171008K, used 44392K [0x00000006c7200000, 0x00000006d1900000, 0x000000076d100000)
  object space 171008K, 25% used [0x00000006c7200000,0x00000006c9d5a0a0,0x00000006d1900000)
 Metaspace       used 3062K, capacity 4564K, committed 4864K, reserved 1056768K
  class space    used 301K, capacity 388K, committed 512K, reserved 1048576K
Event: 2.428 GC heap after
Heap after GC invocations=8 (full 0):
 PSYoungGen      total 541184K, used 41970K [0x000000076d100000, 0x0000000792d00000, 0x00000007c0000000)
  eden space 499200K, 0% used [0x000000076d100000,0x000000076d100000,0x000000078b880000)
  from space 41984K, 99% used [0x000000078ed00000,0x00000007915fcb50,0x0000000791600000)
  to   space 53760K, 0% used [0x000000078b880000,0x000000078b880000,0x000000078ed00000)
 ParOldGen       total 171008K, used 55249K [0x00000006c7200000, 0x00000006d1900000, 0x000000076d100000)
  object space 171008K, 32% used [0x00000006c7200000,0x00000006ca7f4450,0x00000006d1900000)
 Metaspace       used 3062K, capacity 4564K, committed 4864K, reserved 1056768K
  class space    used 301K, capacity 388K, committed 512K, reserved 1048576K
}
Event: 2.827 GC heap before
{Heap before GC invocations=9 (full 0):
 PSYoungGen      total 541184K, used 541170K [0x000000076d100000, 0x0000000792d00000, 0x00000007c0000000)
  eden space 499200K, 100% used [0x000000076d100000,0x000000078b880000,0x000000078b880000)
  from space 41984K, 99% used [0x000000078ed00000,0x00000007915fcb50,0x0000000791600000)
  to   space 53760K, 0% used [0x000000078b880000,0x000000078b880000,0x000000078ed00000)
 ParOldGen       total 171008K, used 55249K [0x00000006c7200000, 0x00000006d1900000, 0x000000076d100000)
  object space 171008K, 32% used [0x00000006c7200000,0x00000006ca7f4450,0x00000006d1900000)
 Metaspace       used 3062K, capacity 4564K, committed 4864K, reserved 1056768K
  class space    used 301K, capacity 388K, committed 512K, reserved 1048576K
Event: 2.892 GC heap after
Heap after GC invocations=9 (full 0):
 PSYoungGen      total 552960K, used 53759K [0x000000076d100000, 0x00000007a7300000, 0x00000007c0000000)
  eden space 499200K, 0% used [0x000000076d100000,0x000000076d100000,0x000000078b880000)
  from space 53760K, 99% used [0x000000078b880000,0x000000078ecffef0,0x000000078ed00000)
  to   space 76800K, 0% used [0x00000007a2800000,0x00000007a2800000,0x00000007a7300000)
 ParOldGen       total 171008K, used 90556K [0x00000006c7200000, 0x00000006d1900000, 0x000000076d100000)
  object space 171008K, 52% used [0x00000006c7200000,0x00000006cca6f070,0x00000006d1900000)
 Metaspace       used 3062K, capacity 4564K, committed 4864K, reserved 1056768K
  class space    used 301K, capacity 388K, committed 512K, reserved 1048576K
}
Event: 3.227 GC heap before
{Heap before GC invocations=10 (full 0):
 PSYoungGen      total 552960K, used 552959K [0x000000076d100000, 0x00000007a7300000, 0x00000007c0000000)
  eden space 499200K, 100% used [0x000000076d100000,0x000000078b880000,0x000000078b880000)
  from space 53760K, 99% used [0x000000078b880000,0x000000078ecffef0,0x000000078ed00000)
  to   space 76800K, 0% used [0x00000007a2800000,0x00000007a2800000,0x00000007a7300000)
 ParOldGen       total 171008K, used 90556K [0x00000006c7200000, 0x00000006d1900000, 0x000000076d100000)
  object space 171008K, 52% used [0x00000006c7200000,0x00000006cca6f070,0x00000006d1900000)
 Metaspace       used 3062K, capacity 4564K, committed 4864K, reserved 1056768K
  class space    used 301K, capacity 388K, committed 512K, reserved 1048576K
Event: 3.287 GC heap after
Heap after GC invocations=10 (full 0):
 PSYoungGen      total 854528K, used 76773K [0x000000076d100000, 0x00000007a9c00000, 0x00000007c0000000)
  eden space 777728K, 0% used [0x000000076d100000,0x000000076d100000,0x000000079c880000)
  from space 76800K, 99% used [0x00000007a2800000,0x00000007a72f9540,0x00000007a7300000)
  to   space 97792K, 0% used [0x000000079c880000,0x000000079c880000,0x00000007a2800000)
 ParOldGen       total 171008K, used 114462K [0x00000006c7200000, 0x00000006d1900000, 0x000000076d100000)
  object space 171008K, 66% used [0x00000006c7200000,0x00000006ce1c78e0,0x00000006d1900000)
 Metaspace       used 3062K, capacity 4564K, committed 4864K, reserved 1056768K
  class space    used 301K, capacity 388K, committed 512K, reserved 1048576K
}
Event: 4.749 GC heap before
{Heap before GC invocations=11 (full 0):
 PSYoungGen      total 854528K, used 854435K [0x000000076d100000, 0x00000007a9c00000, 0x00000007c0000000)
  eden space 777728K, 99% used [0x000000076d100000,0x000000079c86f750,0x000000079c880000)
  from space 76800K, 99% used [0x00000007a2800000,0x00000007a72f9540,0x00000007a7300000)
  to   space 97792K, 0% used [0x000000079c880000,0x000000079c880000,0x00000007a2800000)
 ParOldGen       total 171008K, used 114462K [0x00000006c7200000, 0x00000006d1900000, 0x000000076d100000)
  object space 171008K, 66% used [0x00000006c7200000,0x00000006ce1c78e0,0x00000006d1900000)
 Metaspace       used 3062K, capacity 4564K, committed 4864K, reserved 1056768K
  class space    used 301K, capacity 388K, committed 512K, reserved 1048576K

